<?xml version="1.0" encoding="UTF-8"?>
<testng-results skipped="0" failed="1" ignored="0" total="2" passed="1">
  <reporter-output>
  </reporter-output>
  <suite name="Suite" duration-ms="39907" started-at="2019-02-26T00:32:00Z" finished-at="2019-02-26T00:32:40Z">
    <groups>
    </groups>
    <test name="Test" duration-ms="39907" started-at="2019-02-26T00:32:00Z" finished-at="2019-02-26T00:32:40Z">
      <class name="DataDrivenPackage.DataDrivenTest">
        <test-method status="PASS" signature="openapplication()[pri:0, instance:DataDrivenPackage.DataDrivenTest@62043840]" name="openapplication" is-config="true" duration-ms="30414" started-at="2019-02-26T00:32:00Z" finished-at="2019-02-26T00:32:30Z">
          <reporter-output>
          </reporter-output>
        </test-method> <!-- openapplication -->
        <test-method status="PASS" signature="VerifyRegiterLinkTest()[pri:0, instance:DataDrivenPackage.DataDrivenTest@62043840]" name="VerifyRegiterLinkTest" duration-ms="4137" started-at="2019-02-26T00:32:31Z" finished-at="2019-02-26T00:32:35Z">
          <reporter-output>
          </reporter-output>
        </test-method> <!-- VerifyRegiterLinkTest -->
        <test-method status="FAIL" signature="VerifyUserRegistrationTest()[pri:1, instance:DataDrivenPackage.DataDrivenTest@62043840]" name="VerifyUserRegistrationTest" duration-ms="1" started-at="2019-02-26T00:32:35Z" finished-at="2019-02-26T00:32:35Z">
          <exception class="java.io.FileNotFoundException">
            <message>
              <![CDATA[D:\Selenium - Java\Scripts\MavnerojectSeleniumDataDrivenTest\src\test\resources\Registration.xlsx (The system cannot find the path specified)]]>
            </message>
            <full-stacktrace>
              <![CDATA[java.io.FileNotFoundException: D:\Selenium - Java\Scripts\MavnerojectSeleniumDataDrivenTest\src\test\resources\Registration.xlsx (The system cannot find the path specified)
at java.io.FileInputStream.open0(Native Method)
at java.io.FileInputStream.open(FileInputStream.java:195)
at java.io.FileInputStream.<init>(FileInputStream.java:138)
at DataDrivenPackage.DataDrivenTest.VerifyUserRegistrationTest(DataDrivenTest.java:58)
at sun.reflect.NativeMethodAccessorImpl.invoke0(Native Method)
at sun.reflect.NativeMethodAccessorImpl.invoke(NativeMethodAccessorImpl.java:62)
at sun.reflect.DelegatingMethodAccessorImpl.invoke(DelegatingMethodAccessorImpl.java:43)
at java.lang.reflect.Method.invoke(Method.java:497)
at org.testng.internal.MethodInvocationHelper.invokeMethod(MethodInvocationHelper.java:124)
at org.testng.internal.Invoker.invokeMethod(Invoker.java:583)
at org.testng.internal.Invoker.invokeTestMethod(Invoker.java:719)
at org.testng.internal.Invoker.invokeTestMethods(Invoker.java:989)
at org.testng.internal.TestMethodWorker.invokeTestMethods(TestMethodWorker.java:125)
at org.testng.internal.TestMethodWorker.run(TestMethodWorker.java:109)
at org.testng.TestRunner.privateRun(TestRunner.java:648)
at org.testng.TestRunner.run(TestRunner.java:505)
at org.testng.SuiteRunner.runTest(SuiteRunner.java:455)
at org.testng.SuiteRunner.runSequentially(SuiteRunner.java:450)
at org.testng.SuiteRunner.privateRun(SuiteRunner.java:415)
at org.testng.SuiteRunner.run(SuiteRunner.java:364)
at org.testng.SuiteRunnerWorker.runSuite(SuiteRunnerWorker.java:52)
at org.testng.SuiteRunnerWorker.run(SuiteRunnerWorker.java:84)
at org.testng.TestNG.runSuitesSequentially(TestNG.java:1208)
at org.testng.TestNG.runSuitesLocally(TestNG.java:1137)
at org.testng.TestNG.runSuites(TestNG.java:1049)
at org.testng.TestNG.run(TestNG.java:1017)
at org.apache.maven.surefire.testng.TestNGExecutor.run(TestNGExecutor.java:177)
at org.apache.maven.surefire.testng.TestNGXmlTestSuite.execute(TestNGXmlTestSuite.java:92)
at org.apache.maven.surefire.testng.TestNGProvider.invoke(TestNGProvider.java:105)
at sun.reflect.NativeMethodAccessorImpl.invoke0(Native Method)
at sun.reflect.NativeMethodAccessorImpl.invoke(NativeMethodAccessorImpl.java:62)
at sun.reflect.DelegatingMethodAccessorImpl.invoke(DelegatingMethodAccessorImpl.java:43)
at java.lang.reflect.Method.invoke(Method.java:497)
at org.apache.maven.surefire.util.ReflectionUtils.invokeMethodWithArray(ReflectionUtils.java:189)
at org.apache.maven.surefire.booter.ProviderFactory$ProviderProxy.invoke(ProviderFactory.java:165)
at org.apache.maven.surefire.booter.ProviderFactory.invokeProvider(ProviderFactory.java:85)
at org.apache.maven.surefire.booter.ForkedBooter.runSuitesInProcess(ForkedBooter.java:103)
at org.apache.maven.surefire.booter.ForkedBooter.main(ForkedBooter.java:74)
]]>
            </full-stacktrace>
          </exception> <!-- java.io.FileNotFoundException -->
          <reporter-output>
          </reporter-output>
        </test-method> <!-- VerifyUserRegistrationTest -->
        <test-method status="PASS" signature="closeapplication()[pri:0, instance:DataDrivenPackage.DataDrivenTest@62043840]" name="closeapplication" is-config="true" duration-ms="5285" started-at="2019-02-26T00:32:35Z" finished-at="2019-02-26T00:32:40Z">
          <reporter-output>
          </reporter-output>
        </test-method> <!-- closeapplication -->
      </class> <!-- DataDrivenPackage.DataDrivenTest -->
    </test> <!-- Test -->
  </suite> <!-- Suite -->
</testng-results>
