<?xml version="1.0" encoding="UTF-8"?>
<!-- Generated by org.testng.reporters.JUnitXMLReporter -->
<testsuite hostname="Lenovo-PC" ignored="0" name="Test" tests="2" failures="1" timestamp="26 Feb 2019 00:32:40 GMT" time="39.907" errors="0">
  <testcase name="VerifyRegiterLinkTest" time="4.137" classname="DataDrivenPackage.DataDrivenTest"/>
  <testcase name="VerifyUserRegistrationTest" time="0.001" classname="DataDrivenPackage.DataDrivenTest">
    <failure type="java.io.FileNotFoundException" message="D:\Selenium - Java\Scripts\MavnerojectSeleniumDataDrivenTest\src\test\resources\Registration.xlsx (The system cannot find the path specified)">
      <![CDATA[java.io.FileNotFoundException: D:\Selenium - Java\Scripts\MavnerojectSeleniumDataDrivenTest\src\test\resources\Registration.xlsx (The system cannot find the path specified)
at java.io.FileInputStream.open0(Native Method)
at java.io.FileInputStream.open(FileInputStream.java:195)
at java.io.FileInputStream.<init>(FileInputStream.java:138)
at DataDrivenPackage.DataDrivenTest.VerifyUserRegistrationTest(DataDrivenTest.java:58)
... Removed 34 stack frames]]>
    </failure>
  </testcase> <!-- VerifyUserRegistrationTest -->
</testsuite> <!-- Test -->
